<?xml version="1.0" encoding="UTF-8"?>
<!-- Generated by org.testng.reporters.JUnitReportReporter -->
<testsuite name="javaScriptExecutor.Demo" tests="1" time="11.997" ignored="0" failures="0" timestamp="21 Aug 2021 12:40:57 GMT" skipped="0" hostname="DESKTOP-HF0T45B" errors="0">
  <testcase name="javaScript" time="11.997" classname="javaScriptExecutor.Demo"/>
</testsuite> <!-- javaScriptExecutor.Demo -->
