<?xml version="1.0" encoding="UTF-8"?>
<!-- Generated by org.testng.reporters.JUnitReportReporter -->
<testsuite name="windowHandling.WindowHandling" tests="1" time="9.884" ignored="0" failures="0" timestamp="25 Jul 2021 15:47:52 GMT" skipped="0" hostname="DESKTOP-HF0T45B" errors="0">
  <testcase name="windowHandling" time="9.884" classname="windowHandling.WindowHandling"/>
</testsuite> <!-- windowHandling.WindowHandling -->
