<?xml version="1.0" encoding="UTF-8"?>
<!-- Generated by org.testng.reporters.JUnitReportReporter -->
<testsuite name="com.amazon.AmazonScroll" tests="1" time="16.844" ignored="0" failures="0" timestamp="03 Aug 2021 06:00:00 GMT" skipped="0" hostname="DESKTOP-HF0T45B" errors="0">
  <testcase name="javaScript" time="16.844" classname="com.amazon.AmazonScroll"/>
</testsuite> <!-- com.amazon.AmazonScroll -->
